<?xml version="1.0" encoding="UTF-8"?>
<!-- Generated by org.testng.reporters.JUnitReportReporter -->
<testsuite hostname="DESKTOP-HDIE21T" failures="0" tests="1" name="Runner.TestApplication" time="7.390" errors="0" timestamp="2024-11-21T15:25:59 IST" skipped="0">
  <testcase classname="Runner.TestApplication" name="runScenario" time="7.390"/>
  <system-out/>
</testsuite> <!-- Runner.TestApplication -->
