<?xml version="1.0" encoding="UTF-8"?>
<!-- Generated by org.testng.reporters.JUnitReportReporter -->
<testsuite hostname="LAPTOP-N8FCTVA3" failures="0" tests="1" name="Runner.TestApplication" time="16.976" errors="0" timestamp="2024-11-07T22:26:24 IST" skipped="0">
  <testcase classname="Runner.TestApplication" name="runScenario" time="16.976"/>
  <system-out/>
</testsuite> <!-- Runner.TestApplication -->
