<?xml version="1.0" encoding="UTF-8"?>
<!-- Generated by org.testng.reporters.JUnitReportReporter -->
<testsuite hostname="DESKTOP-HDIE21T" failures="0" tests="1" name="Runner.TestApplication" time="9.642" errors="0" timestamp="2024-11-21T14:37:49 IST" skipped="0">
  <testcase classname="Runner.TestApplication" name="runScenario" time="9.642"/>
  <system-out/>
</testsuite> <!-- Runner.TestApplication -->
